C51 COMPILER V9.00   MAIN                                                                  02/18/2019 19:58:18 PAGE 1   


C51 COMPILER V9.00, COMPILATION OF MODULE MAIN
OBJECT MODULE PLACED IN .\Objects\main.obj
COMPILER INVOKED BY: F:\Keil_v5\C51\BIN\C51.EXE main.c OPTIMIZE(8,SPEED) BROWSE DEBUG OBJECTEXTEND PRINT(.\Listings\main
                    -.lst) TABS(2) OBJECT(.\Objects\main.obj)

line level    source

   1          #include <STC15.h>
   2          
   3          sbit VFDSLEEP = P1^0;
   4          sbit VFDRET = P1^1;
   5          sbit VFDCS = P1^2;
   6          
   7          //P1.3接数据，P1.5接时钟，单片机STC15F2K60S2，时钟11.0592
   8          
   9          unsigned char code picture[]={
  10            //?eáDê?￡??3?ò
  11          0x00,0x00,0x00,0x00,0x00,0x00,0x00,0x00,0x00,0x00,0x00,0x00,0x00,0x00,0x00,0x00,
  12          0x00,0x18,0x00,0x00,0x00,0x00,0x0C,0x00,0x00,0x18,0x00,0x00,0x00,0x00,0x0C,0x00,
  13          0x00,0x18,0x00,0x00,0x00,0x00,0x0C,0x00,0x00,0x1F,0xFF,0xFF,0xFF,0xFF,0xFC,0x00,
  14          0x00,0x1F,0xFF,0xFF,0xFF,0xFF,0xFC,0x00,0x00,0x1F,0xFF,0xFF,0xFF,0xFF,0xFC,0x00,
  15          0x00,0x1F,0xFF,0xFF,0xFF,0xFF,0xFC,0x00,0x00,0x1F,0xFF,0xFF,0xFF,0xFF,0xFC,0x00,
  16          0x00,0x1F,0xFF,0xFF,0xFF,0xFF,0xFC,0x00,0x00,0x1C,0x00,0x03,0x00,0x00,0x1C,0x00,
  17          0x00,0x18,0x00,0x03,0x00,0x00,0x0C,0x00,0x00,0x18,0x00,0x03,0x00,0x00,0x0C,0x00,
  18          0x00,0x18,0x00,0x03,0x00,0x00,0x0C,0x00,0x00,0x18,0x00,0x03,0x00,0x00,0x0C,0x00,
  19          0x00,0x18,0x00,0x03,0x00,0x00,0x0C,0x00,0x00,0x18,0x00,0x03,0x00,0x00,0x0C,0x00,
  20          0x00,0x18,0x00,0x03,0x00,0x00,0x0C,0x00,0x00,0x18,0x00,0x07,0x80,0x00,0x0C,0x00,
  21          0x00,0x1C,0x00,0x0F,0xC0,0x00,0x0C,0x00,0x00,0x1C,0x00,0xFF,0xFC,0x00,0x1C,0x00,
  22          0x00,0x1E,0x00,0xFF,0xFC,0x00,0x1C,0x00,0x00,0x1F,0x00,0xFF,0xFC,0x00,0x3C,0x00,
  23          0x00,0x1F,0x80,0x00,0x00,0x00,0x7C,0x00,0x00,0x1F,0xE0,0x00,0x00,0x00,0xFC,0x00,
  24          0x00,0x1F,0xF0,0x00,0x00,0x03,0xFC,0x00,0x00,0x1F,0xF8,0x00,0x00,0x0F,0xFC,0x00,
  25          0x00,0x01,0xF8,0x00,0x00,0x1F,0xFC,0x00,0x00,0x00,0x38,0x00,0x00,0x1F,0xC0,0x00,
  26          0x00,0x00,0x00,0x00,0x00,0x1C,0x00,0x00,0x00,0x00,0x00,0x00,0x00,0x00,0x00,0x00,/*"E",0*/
  27          
  28          0x00,0x00,0x00,0x00,0x00,0x00,0x00,0x00,0x00,0x00,0x00,0x00,0x00,0x00,0x00,0x00,
  29          0x00,0x00,0x00,0x00,0x00,0x00,0x00,0x00,0x00,0x18,0x00,0x00,0x00,0x00,0x0C,0x00,
  30          0x00,0x18,0x00,0x00,0x00,0x00,0x0C,0x00,0x00,0x18,0x00,0x00,0x00,0x00,0x0C,0x00,
  31          0x00,0x1F,0xFF,0xFF,0xFF,0xFF,0xFC,0x00,0x00,0x1F,0xFF,0xFF,0xFF,0xFF,0xFC,0x00,
  32          0x00,0x1F,0xFF,0xFF,0xFF,0xFF,0xFC,0x00,0x00,0x1F,0xFF,0xFF,0xFF,0xFF,0xFC,0x00,
  33          0x00,0x1F,0xFF,0xFF,0xFF,0xFF,0xFC,0x00,0x00,0x1F,0xFF,0xFF,0xFF,0xFF,0xFC,0x00,
  34          0x00,0x18,0x00,0x00,0x00,0x00,0x1C,0x00,0x00,0x18,0x00,0x00,0x00,0x00,0x0C,0x00,
  35          0x00,0x18,0x00,0x00,0x00,0x00,0x0C,0x00,0x00,0x00,0x00,0x00,0x00,0x00,0x0C,0x00,
  36          0x00,0x00,0x00,0x00,0x00,0x00,0x0C,0x00,0x00,0x00,0x00,0x00,0x00,0x00,0x0C,0x00,
  37          0x00,0x00,0x00,0x00,0x00,0x00,0x0C,0x00,0x00,0x00,0x00,0x00,0x00,0x00,0x0C,0x00,
  38          0x00,0x00,0x00,0x00,0x00,0x00,0x0C,0x00,0x00,0x00,0x00,0x00,0x00,0x00,0x0C,0x00,
  39          0x00,0x00,0x00,0x00,0x00,0x00,0x1C,0x00,0x00,0x00,0x00,0x00,0x00,0x00,0x1C,0x00,
  40          0x00,0x00,0x00,0x00,0x00,0x00,0x3C,0x00,0x00,0x00,0x00,0x00,0x00,0x00,0x7C,0x00,
  41          0x00,0x00,0x00,0x00,0x00,0x00,0xFC,0x00,0x00,0x00,0x00,0x00,0x00,0x03,0xFC,0x00,
  42          0x00,0x00,0x00,0x00,0x00,0x0F,0xFC,0x00,0x00,0x00,0x00,0x00,0x00,0x1F,0xFC,0x00,
  43          0x00,0x00,0x00,0x00,0x00,0x1F,0xE0,0x00,0x00,0x00,0x00,0x00,0x00,0x1E,0x00,0x00,/*"L",1*/
  44          
  45          0x00,0x00,0x00,0x00,0x00,0x00,0x00,0x00,0x00,0x00,0x00,0x00,0x00,0x00,0x00,0x00,
  46          0x00,0x18,0x00,0x00,0x00,0x00,0x0C,0x00,0x00,0x18,0x00,0x00,0x00,0x00,0x0C,0x00,
  47          0x00,0x18,0x00,0x00,0x00,0x00,0x0C,0x00,0x00,0x1F,0xFF,0xFF,0xFF,0xFF,0xFC,0x00,
  48          0x00,0x1F,0xFF,0xFF,0xFF,0xFF,0xFC,0x00,0x00,0x1F,0xFF,0xFF,0xFF,0xFF,0xFC,0x00,
  49          0x00,0x1F,0xFF,0xFF,0xFF,0xFF,0xFC,0x00,0x00,0x1F,0xFF,0xFF,0xFF,0xFF,0xFC,0x00,
  50          0x00,0x1F,0xFF,0xFF,0xFF,0xFF,0xFC,0x00,0x00,0x1C,0x00,0x03,0x00,0x00,0x1C,0x00,
  51          0x00,0x18,0x00,0x03,0x00,0x00,0x0C,0x00,0x00,0x18,0x00,0x03,0x00,0x00,0x0C,0x00,
  52          0x00,0x18,0x00,0x03,0x00,0x00,0x0C,0x00,0x00,0x18,0x00,0x03,0x00,0x00,0x0C,0x00,
  53          0x00,0x18,0x00,0x03,0x00,0x00,0x0C,0x00,0x00,0x18,0x00,0x03,0x00,0x00,0x0C,0x00,
  54          0x00,0x18,0x00,0x03,0x00,0x00,0x0C,0x00,0x00,0x18,0x00,0x07,0x80,0x00,0x0C,0x00,
C51 COMPILER V9.00   MAIN                                                                  02/18/2019 19:58:18 PAGE 2   

  55          0x00,0x1C,0x00,0x0F,0xC0,0x00,0x0C,0x00,0x00,0x1C,0x00,0xFF,0xFC,0x00,0x1C,0x00,
  56          0x00,0x1E,0x00,0xFF,0xFC,0x00,0x1C,0x00,0x00,0x1F,0x00,0xFF,0xFC,0x00,0x3C,0x00,
  57          0x00,0x1F,0x80,0x00,0x00,0x00,0x7C,0x00,0x00,0x1F,0xE0,0x00,0x00,0x00,0xFC,0x00,
  58          0x00,0x1F,0xF0,0x00,0x00,0x03,0xFC,0x00,0x00,0x1F,0xF8,0x00,0x00,0x0F,0xFC,0x00,
  59          0x00,0x01,0xF8,0x00,0x00,0x1F,0xFC,0x00,0x00,0x00,0x38,0x00,0x00,0x1F,0xC0,0x00,
  60          0x00,0x00,0x00,0x00,0x00,0x1C,0x00,0x00,0x00,0x00,0x00,0x00,0x00,0x00,0x00,0x00,/*"E",2*/
  61          
  62          
  63          0x00,0x00,0x00,0x00,0x00,0x00,0x00,0x00,0x00,0x00,0x00,0x00,0x00,0x00,0x00,0x00,
  64          0x00,0x00,0x00,0x3F,0xFF,0x00,0x00,0x00,0x00,0x00,0x03,0xFF,0xFF,0xF0,0x00,0x00,
  65          0x00,0x00,0x1F,0xFF,0xFF,0xFC,0x00,0x00,0x00,0x00,0x7F,0xFF,0xFF,0xFF,0x00,0x00,
  66          0x00,0x00,0xFF,0xFF,0xFF,0xFF,0x80,0x00,0x00,0x03,0xFF,0xFF,0xFF,0xFF,0xC0,0x00,
  67          0x00,0x07,0xFF,0x80,0x01,0xFF,0xE0,0x00,0x00,0x07,0xF8,0x00,0x00,0x1F,0xF0,0x00,
  68          0x00,0x0F,0xE0,0x00,0x00,0x03,0xF8,0x00,0x00,0x1F,0x80,0x00,0x00,0x01,0xF8,0x00,
  69          0x00,0x1E,0x00,0x00,0x00,0x00,0x78,0x00,0x00,0x1C,0x00,0x00,0x00,0x00,0x7C,0x00,
  70          0x00,0x38,0x00,0x00,0x00,0x00,0x3C,0x00,0x00,0x38,0x00,0x00,0x00,0x00,0x3C,0x00,
  71          0x00,0x30,0x00,0x00,0x00,0x00,0x1C,0x00,0x00,0x30,0x00,0x00,0x00,0x00,0x1C,0x00,
  72          0x00,0x30,0x00,0x00,0x00,0x00,0x1C,0x00,0x00,0x30,0x00,0x00,0x00,0x00,0x1C,0x00,
  73          0x00,0x38,0x00,0x00,0x00,0x00,0x3C,0x00,0x00,0x38,0x00,0x00,0x00,0x00,0x3C,0x00,
  74          0x00,0x3C,0x00,0x00,0x00,0x00,0x78,0x00,0x00,0x1E,0x00,0x00,0x00,0x00,0xF8,0x00,
  75          0x00,0x1F,0x00,0x00,0x00,0x01,0xF0,0x00,0x00,0x1F,0x80,0x00,0x00,0x07,0xF0,0x00,
  76          0x00,0x3F,0xE0,0x00,0x00,0x1F,0xE0,0x00,0x00,0x3F,0xFC,0x00,0x00,0xFF,0x80,0x00,
  77          0x00,0x3F,0xFC,0x00,0x00,0xFF,0x00,0x00,0x00,0x03,0xFC,0x00,0x00,0xFC,0x00,0x00,
  78          0x00,0x00,0x3C,0x00,0x00,0x70,0x00,0x00,0x00,0x00,0x00,0x00,0x00,0x00,0x00,0x00,/*"C",3*/
  79          
  80          
  81          0x00,0x00,0x00,0x00,0x00,0x00,0x00,0x00,0x00,0x00,0x00,0x00,0x00,0x00,0x00,0x00,
  82          0x00,0x18,0x00,0x00,0x00,0x00,0x0C,0x00,0x00,0x18,0x00,0x00,0x00,0x00,0x0C,0x00,
  83          0x00,0x18,0x00,0x00,0x00,0x00,0x0C,0x00,0x00,0x1F,0xFF,0xFF,0xFF,0xFF,0xFC,0x00,
  84          0x00,0x1F,0xFF,0xFF,0xFF,0xFF,0xFC,0x00,0x00,0x1F,0xFF,0xFF,0xFF,0xFF,0xFC,0x00,
  85          0x00,0x1F,0xF8,0x00,0x00,0x00,0x0C,0x00,0x00,0x1F,0xFE,0x00,0x00,0x00,0x0C,0x00,
  86          0x00,0x1F,0xFF,0x80,0x00,0x00,0x0C,0x00,0x00,0x07,0xFF,0xC0,0x00,0x00,0x00,0x00,
  87          0x00,0x01,0xFF,0xF0,0x00,0x00,0x00,0x00,0x00,0x00,0x7F,0xFC,0x00,0x00,0x00,0x00,
  88          0x00,0x00,0x1F,0xFF,0x00,0x00,0x00,0x00,0x00,0x00,0x07,0xFF,0xC0,0x00,0x00,0x00,
  89          0x00,0x00,0x01,0xFF,0xF0,0x00,0x00,0x00,0x00,0x00,0x00,0x7F,0xFC,0x00,0x00,0x00,
  90          0x00,0x00,0x00,0x3F,0xFF,0x00,0x00,0x00,0x00,0x00,0x00,0x0F,0xFF,0xC0,0x00,0x00,
  91          0x00,0x00,0x00,0x03,0xFF,0xE0,0x00,0x00,0x00,0x00,0x00,0x00,0xFF,0xF8,0x00,0x00,
  92          0x00,0x00,0x00,0x00,0x3F,0xFE,0x00,0x00,0x00,0x18,0x00,0x00,0x0F,0xFF,0x80,0x00,
  93          0x00,0x18,0x00,0x00,0x03,0xFF,0xE0,0x00,0x00,0x18,0x00,0x00,0x00,0xFF,0xF8,0x00,
  94          0x00,0x1F,0xFF,0xFF,0xFF,0xFF,0xFC,0x00,0x00,0x1F,0xFF,0xFF,0xFF,0xFF,0xFC,0x00,
  95          0x00,0x1F,0xFF,0xFF,0xFF,0xFF,0xFC,0x00,0x00,0x18,0x00,0x00,0x00,0x00,0x00,0x00,
  96          0x00,0x18,0x00,0x00,0x00,0x00,0x00,0x00,0x00,0x18,0x00,0x00,0x00,0x00,0x00,0x00,/*"N",4*/
  97          
  98          
  99          0x00,0x00,0x00,0x00,0x00,0x00,0x00,0x00,0x00,0x00,0x00,0x00,0x00,0x00,0x00,0x00,
 100          0x00,0x00,0x00,0x7F,0xFE,0x00,0x00,0x00,0x00,0x00,0x07,0xFF,0xFF,0xE0,0x00,0x00,
 101          0x00,0x00,0x3F,0xFF,0xFF,0xF8,0x00,0x00,0x00,0x00,0xFF,0xFF,0xFF,0xFE,0x00,0x00,
 102          0x00,0x01,0xFF,0xFF,0xFF,0xFF,0x80,0x00,0x00,0x03,0xFF,0xFF,0xFF,0xFF,0xC0,0x00,
 103          0x00,0x07,0xFF,0x00,0x01,0xFF,0xE0,0x00,0x00,0x0F,0xF0,0x00,0x00,0x0F,0xF0,0x00,
 104          0x00,0x1F,0x80,0x00,0x00,0x03,0xF0,0x00,0x00,0x1F,0x00,0x00,0x00,0x00,0xF8,0x00,
 105          0x00,0x1C,0x00,0x00,0x00,0x00,0x78,0x00,0x00,0x3C,0x00,0x00,0x00,0x00,0x3C,0x00,
 106          0x00,0x38,0x00,0x00,0x00,0x00,0x1C,0x00,0x00,0x30,0x00,0x00,0x00,0x00,0x0C,0x00,
 107          0x00,0x30,0x00,0x00,0x00,0x00,0x0C,0x00,0x00,0x30,0x00,0x00,0x00,0x00,0x0C,0x00,
 108          0x00,0x30,0x00,0x00,0x00,0x00,0x0C,0x00,0x00,0x38,0x00,0x00,0x00,0x00,0x1C,0x00,
 109          0x00,0x38,0x00,0x00,0x00,0x00,0x1C,0x00,0x00,0x1C,0x00,0x00,0x00,0x00,0x38,0x00,
 110          0x00,0x1E,0x00,0x00,0x00,0x00,0x78,0x00,0x00,0x1F,0x80,0x00,0x00,0x01,0xF8,0x00,
 111          0x00,0x0F,0xF0,0x00,0x00,0x0F,0xF0,0x00,0x00,0x07,0xFF,0x80,0x00,0xFF,0xE0,0x00,
 112          0x00,0x03,0xFF,0xFF,0xFF,0xFF,0xC0,0x00,0x00,0x01,0xFF,0xFF,0xFF,0xFF,0x80,0x00,
 113          0x00,0x00,0x7F,0xFF,0xFF,0xFE,0x00,0x00,0x00,0x00,0x1F,0xFF,0xFF,0xFC,0x00,0x00,
 114          0x00,0x00,0x07,0xFF,0xFF,0xE0,0x00,0x00,0x00,0x00,0x00,0x7F,0xFE,0x00,0x00,0x00,/*"O",5*/
 115          
 116          
C51 COMPILER V9.00   MAIN                                                                  02/18/2019 19:58:18 PAGE 3   

 117          0x00,0x00,0x00,0x00,0x00,0x00,0x00,0x00,0x00,0x00,0x00,0x00,0x00,0x00,0x00,0x00,
 118          0x00,0x18,0x00,0x00,0x00,0x00,0x0C,0x00,0x00,0x18,0x00,0x00,0x00,0x00,0x0C,0x00,
 119          0x00,0x18,0x00,0x00,0x00,0x00,0x0C,0x00,0x00,0x1F,0xFF,0xFF,0xFF,0xFF,0xFC,0x00,
 120          0x00,0x1F,0xFF,0xFF,0xFF,0xFF,0xFC,0x00,0x00,0x1F,0xFF,0xFF,0xFF,0xFF,0xFC,0x00,
 121          0x00,0x1F,0xFF,0xFF,0xFF,0xFF,0xFC,0x00,0x00,0x1F,0xFF,0xFF,0xFF,0xFF,0xFC,0x00,
 122          0x00,0x1F,0xFF,0xFF,0xFF,0xFF,0xFC,0x00,0x00,0x1C,0x00,0x00,0x00,0x00,0x1C,0x00,
 123          0x00,0x18,0x00,0x00,0x00,0x00,0x0C,0x00,0x00,0x18,0x00,0x00,0x00,0x00,0x0C,0x00,
 124          0x00,0x18,0x00,0x00,0x00,0x00,0x0C,0x00,0x00,0x18,0x00,0x00,0x00,0x00,0x1C,0x00,
 125          0x00,0x1C,0x00,0x00,0x00,0x00,0x1C,0x00,0x00,0x1C,0x00,0x00,0x00,0x00,0x1C,0x00,
 126          0x00,0x1C,0x00,0x00,0x00,0x00,0x3C,0x00,0x00,0x0E,0x00,0x00,0x00,0x00,0x78,0x00,
 127          0x00,0x0F,0x00,0x00,0x00,0x00,0x78,0x00,0x00,0x0F,0x80,0x00,0x00,0x01,0xF8,0x00,
 128          0x00,0x07,0xE0,0x00,0x00,0x03,0xF0,0x00,0x00,0x07,0xF8,0x00,0x00,0x0F,0xF0,0x00,
 129          0x00,0x03,0xFF,0x80,0x01,0xFF,0xE0,0x00,0x00,0x01,0xFF,0xFF,0xFF,0xFF,0xC0,0x00,
 130          0x00,0x00,0xFF,0xFF,0xFF,0xFF,0x80,0x00,0x00,0x00,0x7F,0xFF,0xFF,0xFF,0x00,0x00,
 131          0x00,0x00,0x1F,0xFF,0xFF,0xFC,0x00,0x00,0x00,0x00,0x07,0xFF,0xFF,0xE0,0x00,0x00,
 132          0x00,0x00,0x00,0x7F,0xFE,0x00,0x00,0x00,0x00,0x00,0x00,0x00,0x00,0x00,0x00,0x00,/*"D",6*/
 133          
 134          
 135          0x00,0x00,0x00,0x00,0x00,0x00,0x00,0x00,0x00,0x00,0x00,0x00,0x00,0x00,0x00,0x00,
 136          0x00,0x18,0x00,0x00,0x00,0x00,0x0C,0x00,0x00,0x18,0x00,0x00,0x00,0x00,0x0C,0x00,
 137          0x00,0x18,0x00,0x00,0x00,0x00,0x0C,0x00,0x00,0x1F,0xFF,0xFF,0xFF,0xFF,0xFC,0x00,
 138          0x00,0x1F,0xFF,0xFF,0xFF,0xFF,0xFC,0x00,0x00,0x1F,0xFF,0xFF,0xFF,0xFF,0xFC,0x00,
 139          0x00,0x1F,0xFF,0xFF,0xFF,0xFF,0xFC,0x00,0x00,0x1F,0xFF,0xFF,0xFF,0xFF,0xFC,0x00,
 140          0x00,0x1F,0xFF,0xFF,0xFF,0xFF,0xFC,0x00,0x00,0x1C,0x00,0x03,0x00,0x00,0x1C,0x00,
 141          0x00,0x18,0x00,0x03,0x00,0x00,0x0C,0x00,0x00,0x18,0x00,0x03,0x00,0x00,0x0C,0x00,
 142          0x00,0x18,0x00,0x03,0x00,0x00,0x0C,0x00,0x00,0x18,0x00,0x03,0x00,0x00,0x0C,0x00,
 143          0x00,0x18,0x00,0x03,0x00,0x00,0x0C,0x00,0x00,0x18,0x00,0x03,0x00,0x00,0x0C,0x00,
 144          0x00,0x18,0x00,0x03,0x00,0x00,0x0C,0x00,0x00,0x18,0x00,0x07,0x80,0x00,0x0C,0x00,
 145          0x00,0x1C,0x00,0x0F,0xC0,0x00,0x0C,0x00,0x00,0x1C,0x00,0xFF,0xFC,0x00,0x1C,0x00,
 146          0x00,0x1E,0x00,0xFF,0xFC,0x00,0x1C,0x00,0x00,0x1F,0x00,0xFF,0xFC,0x00,0x3C,0x00,
 147          0x00,0x1F,0x80,0x00,0x00,0x00,0x7C,0x00,0x00,0x1F,0xE0,0x00,0x00,0x00,0xFC,0x00,
 148          0x00,0x1F,0xF0,0x00,0x00,0x03,0xFC,0x00,0x00,0x1F,0xF8,0x00,0x00,0x0F,0xFC,0x00,
 149          0x00,0x01,0xF8,0x00,0x00,0x1F,0xFC,0x00,0x00,0x00,0x38,0x00,0x00,0x1F,0xC0,0x00,
 150          0x00,0x00,0x00,0x00,0x00,0x1C,0x00,0x00,0x00,0x00,0x00,0x00,0x00,0x00,0x00,0x00,/*"E",7*/
 151          };
 152          
 153          
 154          //SPI Init
 155          void SPIinit()
 156          {
 157   1       SPDAT = 0;
 158   1        SPCTL =0xdc; 
 159   1       SPSTAT = 0xC0;   
 160   1       AUXR |= 0x08;   //?êDíSPI?D??ESPI = 1 0000,1000
 161   1      }
 162            
 163          void writebyte(unsigned char ch)  
 164          {
 165   1           SPDAT = ch;      //
 166   1           while(!(SPSTAT & 0x80) );  // = 1
 167   1        SPSTAT = 0xc0;     //
 168   1      }      
 169          
 170          void delay(unsigned int t) 
 171          {
 172   1         unsigned int i;
 173   1         while(t--)
 174   1           {
 175   2          for(i=1298;i>0;i--);
 176   2           }
 177   1      }
 178          
C51 COMPILER V9.00   MAIN                                                                  02/18/2019 19:58:18 PAGE 4   

 179          
 180          
 181          void VFDinit(void)
 182          {
 183   1        VFDCS=0;
 184   1        writebyte(0x33);
 185   1        writebyte(0x40);
 186   1        writebyte(0x00 );
 187   1        VFDCS=1;
 188   1        VFDCS=0;
 189   1        writebyte(0x07);
 190   1        writebyte(0x3f);
 191   1        writebyte(0x7c);
 192   1        writebyte(0x00);
 193   1        writebyte(0x04);
 194   1        writebyte(0x01);
 195   1        writebyte(0x01);
 196   1        writebyte(0x01);
 197   1        VFDCS=1;
 198   1        VFDCS=0;
 199   1        writebyte(0x8d);
 200   1        writebyte(0x04);
 201   1        writebyte(0xfc);
 202   1        writebyte(0x00);
 203   1        writebyte(0x80);
 204   1        VFDCS=1;
 205   1        VFDCS=0;
 206   1        writebyte(0x05);
 207   1        writebyte(0x00);
 208   1        writebyte(0x00);
 209   1        VFDCS=1;
 210   1        VFDCS=0;
 211   1        writebyte(0x03);
 212   1        writebyte(0x00);
 213   1        writebyte(0x00);
 214   1        VFDCS=1;
 215   1        VFDCS=0;
 216   1        writebyte(0x0b);
 217   1        writebyte(0x00);
 218   1        writebyte(0xff);
 219   1        writebyte(0x02);
 220   1        VFDCS=1;
 221   1        VFDCS=0;
 222   1        writebyte(0x05);
 223   1        writebyte(0x30);
 224   1        writebyte(0xff);            
 225   1        VFDCS=1;
 226   1        VFDCS=0;
 227   1      }
 228          
 229          void test1(void)
 230          {
 231   1        unsigned int j;
 232   1        //ctrl(); 
 233   1        VFDCS=0;
 234   1        writebyte(0x0f);
 235   1        writebyte(0x00);
 236   1        writebyte(0xff);
 237   1        writebyte(0xfc);                
 238   1        for(j=0;j<2024;j++)writebyte(picture[j]);     
 239   1        VFDCS=1;
 240   1        VFDCS=0;                      
C51 COMPILER V9.00   MAIN                                                                  02/18/2019 19:58:18 PAGE 5   

 241   1        writebyte(0x01);                
 242   1        writebyte(0x02);
 243   1        VFDCS=1;
 244   1      }
 245          
 246          void test2(void)
 247          {
 248   1        unsigned int j;
 249   1        //ctrl(); 
 250   1        VFDCS=0;
 251   1        writebyte(0x0f);
 252   1        writebyte(0x00);
 253   1        writebyte(0xff);
 254   1        writebyte(0xfc);                
 255   1        for(j=0;j<2024;j++)writebyte(0xff);       
 256   1        VFDCS=1;
 257   1        VFDCS=0;                      
 258   1        writebyte(0x01);                
 259   1        writebyte(0x02);
 260   1        VFDCS=1;
 261   1      }
 262          void test3(void)
 263          {
 264   1        unsigned int j;
 265   1        //ctrl(); 
 266   1        VFDCS=0;
 267   1        writebyte(0x0f);
 268   1        writebyte(0x00);
 269   1        writebyte(0xff);
 270   1        writebyte(0xfc);                
 271   1        for(j=0;j<2024;j++)writebyte(0);    
 272   1        VFDCS=1;
 273   1        VFDCS=0;                      
 274   1        writebyte(0x01);                
 275   1        writebyte(0x02);
 276   1        VFDCS=1;
 277   1      }
 278          void main(void)
 279          {
 280   1        VFDSLEEP = 1;
 281   1        VFDRET = 1;
 282   1        SPIinit();
 283   1        VFDinit();
 284   1        while(1)
 285   1        {
 286   2      
 287   2      
 288   2          test1();
 289   2      
 290   2          delay(2000);
 291   2          test2();
 292   2          delay(1000);
 293   2          test3();
 294   2          delay(1000);
 295   2        }
 296   1      }


MODULE INFORMATION:   STATIC OVERLAYABLE
   CODE SIZE        =    399    ----
   CONSTANT SIZE    =   2048    ----
   XDATA SIZE       =   ----    ----
C51 COMPILER V9.00   MAIN                                                                  02/18/2019 19:58:18 PAGE 6   

   PDATA SIZE       =   ----    ----
   DATA SIZE        =   ----    ----
   IDATA SIZE       =   ----    ----
   BIT SIZE         =   ----    ----
END OF MODULE INFORMATION.


C51 COMPILATION COMPLETE.  0 WARNING(S),  0 ERROR(S)
